[debug] [2025-07-11T02:30:48.843Z] ----------------------------------------------------------------------
[debug] [2025-07-11T02:30:48.846Z] Command:       /nix/store/rbdrkcs5kkwpalxcd7c6bnm33lk2955n-nodejs-20.19.0/bin/node /nix/store/fprgfkwna33crhc86jqbf5878piivvgw-firebase-tools-14.7.0/lib/node_modules/firebase-tools/lib/bin/firebase.js init
[debug] [2025-07-11T02:30:48.846Z] CLI Version:   14.7.0
[debug] [2025-07-11T02:30:48.846Z] Platform:      linux
[debug] [2025-07-11T02:30:48.847Z] Node Version:  v20.19.0
[debug] [2025-07-11T02:30:48.847Z] Time:          Fri Jul 11 2025 02:30:48 GMT+0000 (Coordinated Universal Time)
[debug] [2025-07-11T02:30:48.847Z] ----------------------------------------------------------------------
[debug] 
[debug] [2025-07-11T02:30:49.302Z] Field "/functions/runtime" in "firebase.json" is possibly invalid: must be equal to one of the allowed values
[debug] [2025-07-11T02:30:49.302Z] Field "/functions" in "firebase.json" is possibly invalid: must be array
[debug] [2025-07-11T02:30:49.302Z] Field "/functions" in "firebase.json" is possibly invalid: must match a schema in anyOf
[debug] [2025-07-11T02:30:49.306Z] > command requires scopes: ["email","openid","https://www.googleapis.com/auth/cloudplatformprojects.readonly","https://www.googleapis.com/auth/firebase","https://www.googleapis.com/auth/cloud-platform"]
[debug] [2025-07-11T02:30:49.306Z] > authorizing via signed-in user (devdiegoalonso@gmail.com)
[debug] [2025-07-11T02:30:49.307Z] Field "/functions/runtime" in "firebase.json" is possibly invalid: must be equal to one of the allowed values
[debug] [2025-07-11T02:30:49.307Z] Field "/functions" in "firebase.json" is possibly invalid: must be array
[debug] [2025-07-11T02:30:49.308Z] Field "/functions" in "firebase.json" is possibly invalid: must match a schema in anyOf
[info] 
     ######## #### ########  ######## ########     ###     ######  ########
     ##        ##  ##     ## ##       ##     ##  ##   ##  ##       ##
     ######    ##  ########  ######   ########  #########  ######  ######
     ##        ##  ##    ##  ##       ##     ## ##     ##       ## ##
     ##       #### ##     ## ######## ########  ##     ##  ######  ########

You're about to initialize a Firebase project in this directory:

  /home/user/vitalvetwebapp

Before we get started, keep in mind:

  * You are initializing within an existing Firebase project directory

[info] 
=== Project Setup
[info] 
[info] First, let's associate this project directory with a Firebase project.
[info] You can create multiple project aliases by running firebase use --add, 
[info] but for now we'll just set up a default project.
[info] 
[debug] [2025-07-11T02:30:53.854Z] Using project from CLI flag: vitalvet-veterinaria
[debug] [2025-07-11T02:30:53.856Z] Checked if tokens are valid: true, expires at: 1752203530855
[debug] [2025-07-11T02:30:53.856Z] Checked if tokens are valid: true, expires at: 1752203530855
[debug] [2025-07-11T02:30:53.859Z] >>> [apiv2][query] GET https://firebase.googleapis.com/v1beta1/projects/vitalvet-veterinaria [none]
[debug] [2025-07-11T02:30:54.164Z] <<< [apiv2][status] GET https://firebase.googleapis.com/v1beta1/projects/vitalvet-veterinaria 200
[debug] [2025-07-11T02:30:54.164Z] <<< [apiv2][body] GET https://firebase.googleapis.com/v1beta1/projects/vitalvet-veterinaria {"projectId":"vitalvet-veterinaria","projectNumber":"441951700694","displayName":"VitalVet Veterinaria","name":"projects/vitalvet-veterinaria","resources":{"hostingSite":"vitalvet-veterinaria"},"state":"ACTIVE","etag":"1_8074cbe5-67f8-4114-a02d-30d7148ec274"}
[info] i  Using project vitalvet-veterinaria (VitalVet Veterinaria) 
[info] 
=== Functions Setup
[debug] [2025-07-11T02:30:54.173Z] > command requires scopes: ["email","openid","https://www.googleapis.com/auth/cloudplatformprojects.readonly","https://www.googleapis.com/auth/firebase","https://www.googleapis.com/auth/cloud-platform"]
[debug] [2025-07-11T02:30:54.173Z] > authorizing via signed-in user (devdiegoalonso@gmail.com)
[debug] [2025-07-11T02:30:54.173Z] [iam] checking project vitalvet-veterinaria for permissions ["firebase.projects.get"]
[debug] [2025-07-11T02:30:54.174Z] Checked if tokens are valid: true, expires at: 1752203530855
[debug] [2025-07-11T02:30:54.174Z] Checked if tokens are valid: true, expires at: 1752203530855
[debug] [2025-07-11T02:30:54.174Z] >>> [apiv2][query] POST https://cloudresourcemanager.googleapis.com/v1/projects/vitalvet-veterinaria:testIamPermissions [none]
[debug] [2025-07-11T02:30:54.175Z] >>> [apiv2][(partial)header] POST https://cloudresourcemanager.googleapis.com/v1/projects/vitalvet-veterinaria:testIamPermissions x-goog-quota-user=projects/vitalvet-veterinaria
[debug] [2025-07-11T02:30:54.175Z] >>> [apiv2][body] POST https://cloudresourcemanager.googleapis.com/v1/projects/vitalvet-veterinaria:testIamPermissions {"permissions":["firebase.projects.get"]}
[debug] [2025-07-11T02:30:55.030Z] <<< [apiv2][status] POST https://cloudresourcemanager.googleapis.com/v1/projects/vitalvet-veterinaria:testIamPermissions 200
[debug] [2025-07-11T02:30:55.030Z] <<< [apiv2][body] POST https://cloudresourcemanager.googleapis.com/v1/projects/vitalvet-veterinaria:testIamPermissions {"permissions":["firebase.projects.get"]}
[debug] [2025-07-11T02:30:55.031Z] Checked if tokens are valid: true, expires at: 1752203530855
[debug] [2025-07-11T02:30:55.031Z] Checked if tokens are valid: true, expires at: 1752203530855
[debug] [2025-07-11T02:30:55.032Z] Checked if tokens are valid: true, expires at: 1752203530855
[debug] [2025-07-11T02:30:55.032Z] Checked if tokens are valid: true, expires at: 1752203530855
[debug] [2025-07-11T02:30:55.032Z] >>> [apiv2][query] GET https://serviceusage.googleapis.com/v1/projects/vitalvet-veterinaria/services/cloudfunctions.googleapis.com [none]
[debug] [2025-07-11T02:30:55.032Z] >>> [apiv2][(partial)header] GET https://serviceusage.googleapis.com/v1/projects/vitalvet-veterinaria/services/cloudfunctions.googleapis.com x-goog-quota-user=projects/vitalvet-veterinaria
[debug] [2025-07-11T02:30:55.034Z] >>> [apiv2][query] GET https://serviceusage.googleapis.com/v1/projects/vitalvet-veterinaria/services/runtimeconfig.googleapis.com [none]
[debug] [2025-07-11T02:30:55.035Z] >>> [apiv2][(partial)header] GET https://serviceusage.googleapis.com/v1/projects/vitalvet-veterinaria/services/runtimeconfig.googleapis.com x-goog-quota-user=projects/vitalvet-veterinaria
[debug] [2025-07-11T02:30:56.079Z] <<< [apiv2][status] GET https://serviceusage.googleapis.com/v1/projects/vitalvet-veterinaria/services/runtimeconfig.googleapis.com 200
[debug] [2025-07-11T02:30:56.079Z] <<< [apiv2][body] GET https://serviceusage.googleapis.com/v1/projects/vitalvet-veterinaria/services/runtimeconfig.googleapis.com [omitted]
[debug] [2025-07-11T02:30:56.097Z] <<< [apiv2][status] GET https://serviceusage.googleapis.com/v1/projects/vitalvet-veterinaria/services/cloudfunctions.googleapis.com 200
[debug] [2025-07-11T02:30:56.098Z] <<< [apiv2][body] GET https://serviceusage.googleapis.com/v1/projects/vitalvet-veterinaria/services/cloudfunctions.googleapis.com [omitted]
[info] 
Detected existing codebase(s): default

